2026-06-25T14:42:21-07:00
cwd=/home/yash/request_scheduler_cd
user=yash
host=DESKTOP-N69GVSJ
bin=/home/yash/request_scheduler_cd/build/codegraph
2026-06-25T14:42:21-07:00
cwd=/home/yash/request_scheduler_cd
user=yash
host=DESKTOP-N69GVSJ
bin=/home/yash/request_scheduler_cd/build/codegraph
2026-06-25T14:42:57-07:00
cwd=/home/yash/request_scheduler_cd
user=yash
host=DESKTOP-N69GVSJ
bin=/home/yash/request_scheduler_cd/build/codegraph
2026-06-25T14:42:59-07:00
cwd=/home/yash/request_scheduler_cd
user=yash
host=DESKTOP-N69GVSJ
bin=/home/yash/request_scheduler_cd/build/codegraph
2026-06-25T14:43:15-07:00
cwd=/home/yash/request_scheduler_cd
user=yash
host=DESKTOP-N69GVSJ
bin=/home/yash/request_scheduler_cd/build/codegraph
2026-06-25T14:44:41-07:00
cwd=/home/yash/request_scheduler_cd
user=yash
host=DESKTOP-N69GVSJ
bin=/home/yash/request_scheduler_cd/build/codegraph
2026-06-25T15:00:54-07:00
cwd=/home/yash/request_scheduler_cd
user=yash
host=DESKTOP-N69GVSJ
bin=/home/yash/request_scheduler_cd/build/codegraph
2026-06-25T15:01:54-07:00
cwd=/home/yash/request_scheduler_cd
user=yash
host=DESKTOP-N69GVSJ
bin=/home/yash/request_scheduler_cd/build/codegraph
2026-06-25T15:02:12-07:00
cwd=/home/yash/request_scheduler_cd
user=yash
host=DESKTOP-N69GVSJ
bin=/home/yash/request_scheduler_cd/build/codegraph
2026-06-25T15:02:12-07:00
cwd=/home/yash/request_scheduler_cd
user=yash
host=DESKTOP-N69GVSJ
bin=/home/yash/request_scheduler_cd/build/codegraph
